<?xml version="1.0" encoding="UTF-8"?>
<!-- Generated by org.testng.reporters.JUnitXMLReporter -->
<testsuite hostname="DESKTOP-UFM8Q5F" ignored="0" name="Regression Test" tests="3" failures="3" timestamp="28 Sep 2020 06:39:51 GMT" time="13.498" errors="0">
  <testcase name="testLoginInvalid" time="5.302" classname="com.test.chime.TakeHomeTest">
    <failure type="java.net.ConnectException" message="Connection refused: connect">
      <![CDATA[java.net.ConnectException: Connection refused: connectat java.net.DualStackPlainSocketImpl.connect0(Native Method)at java.net.DualStackPlainSocketImpl.socketConnect(DualStackPlainSocketImpl.java:79)at java.net.AbstractPlainSocketImpl.doConnect(AbstractPlainSocketImpl.java:350)at java.net.AbstractPlainSocketImpl.connectToAddress(AbstractPlainSocketImpl.java:206)at java.net.AbstractPlainSocketImpl.connect(AbstractPlainSocketImpl.java:188)at java.net.PlainSocketImpl.connect(PlainSocketImpl.java:172)at java.net.SocksSocketImpl.connect(SocksSocketImpl.java:392)at java.net.Socket.connect(Socket.java:589)at org.apache.http.conn.scheme.PlainSocketFactory.connectSocket(PlainSocketFactory.java:121)at org.apache.http.impl.conn.DefaultClientConnectionOperator.openConnection(DefaultClientConnectionOperator.java:180)at org.apache.http.impl.conn.ManagedClientConnectionImpl.open(ManagedClientConnectionImpl.java:326)at org.apache.http.impl.client.DefaultRequestDirector.tryConnect(DefaultRequestDirector.java:610)at org.apache.http.impl.client.DefaultRequestDirector.execute(DefaultRequestDirector.java:445)at org.apache.http.impl.client.AbstractHttpClient.doExecute(AbstractHttpClient.java:835)at org.apache.http.impl.client.CloseableHttpClient.execute(CloseableHttpClient.java:83)at org.apache.http.impl.client.CloseableHttpClient.execute(CloseableHttpClient.java:56)at org.apache.http.client.HttpClient$execute$0.call(Unknown Source)at org.codehaus.groovy.runtime.callsite.CallSiteArray.defaultCall(CallSiteArray.java:47)at org.codehaus.groovy.runtime.callsite.AbstractCallSite.call(AbstractCallSite.java:116)at org.codehaus.groovy.runtime.callsite.AbstractCallSite.call(AbstractCallSite.java:136)at io.restassured.internal.RequestSpecificationImpl$RestAssuredHttpBuilder.doRequest(RequestSpecificationImpl.groovy:2146)at io.restassured.internal.http.HTTPBuilder.post(HTTPBuilder.java:349)at io.restassured.internal.http.HTTPBuilder$post$2.call(Unknown Source)at org.codehaus.groovy.runtime.callsite.CallSiteArray.defaultCall(CallSiteArray.java:47)at org.codehaus.groovy.runtime.callsite.AbstractCallSite.call(AbstractCallSite.java:116)at org.codehaus.groovy.runtime.callsite.AbstractCallSite.call(AbstractCallSite.java:136)at io.restassured.internal.RequestSpecificationImpl.sendRequest(RequestSpecificationImpl.groovy:1274)at groovy.lang.MetaMethod.doMethodInvoke(MetaMethod.java:325)at groovy.lang.MetaClassImpl.invokeMethod(MetaClassImpl.java:1225)at groovy.lang.MetaClassImpl.invokeMethod(MetaClassImpl.java:1034)at groovy.lang.MetaClassImpl.invokeMethod(MetaClassImpl.java:822)at io.restassured.internal.RequestSpecificationImpl.invokeMethod(RequestSpecificationImpl.groovy)at org.codehaus.groovy.runtime.callsite.PogoInterceptableSite.call(PogoInterceptableSite.java:47)at org.codehaus.groovy.runtime.callsite.CallSiteArray.defaultCall(CallSiteArray.java:47)at org.codehaus.groovy.runtime.callsite.AbstractCallSite.call(AbstractCallSite.java:116)at org.codehaus.groovy.runtime.callsite.AbstractCallSite.call(AbstractCallSite.java:152)at io.restassured.internal.filter.SendRequestFilter.filter(SendRequestFilter.groovy:30)at io.restassured.filter.Filter$filter$0.call(Unknown Source)at org.codehaus.groovy.runtime.callsite.CallSiteArray.defaultCall(CallSiteArray.java:47)at io.restassured.filter.Filter$filter.call(Unknown Source)at io.restassured.internal.filter.FilterContextImpl.next(FilterContextImpl.groovy:72)at io.restassured.filter.time.TimingFilter.filter(TimingFilter.java:56)at io.restassured.filter.Filter$filter.call(Unknown Source)at org.codehaus.groovy.runtime.callsite.CallSiteArray.defaultCall(CallSiteArray.java:47)at io.restassured.filter.Filter$filter.call(Unknown Source)at io.restassured.internal.filter.FilterContextImpl.next(FilterContextImpl.groovy:72)at io.restassured.filter.log.RequestLoggingFilter.filter(RequestLoggingFilter.java:122)at io.restassured.filter.Filter$filter.call(Unknown Source)at org.codehaus.groovy.runtime.callsite.CallSiteArray.defaultCall(CallSiteArray.java:47)at org.codehaus.groovy.runtime.callsite.AbstractCallSite.call(AbstractCallSite.java:116)at org.codehaus.groovy.runtime.callsite.AbstractCallSite.call(AbstractCallSite.java:144)at io.restassured.internal.filter.FilterContextImpl.next(FilterContextImpl.groovy:72)at io.restassured.filter.FilterContext$next.call(Unknown Source)at org.codehaus.groovy.runtime.callsite.CallSiteArray.defaultCall(CallSiteArray.java:47)at org.codehaus.groovy.runtime.callsite.AbstractCallSite.call(AbstractCallSite.java:116)at org.codehaus.groovy.runtime.callsite.AbstractCallSite.call(AbstractCallSite.java:136)at io.restassured.internal.RequestSpecificationImpl.applyPathParamsAndSendRequest(RequestSpecificationImpl.groovy:1749)at groovy.lang.MetaMethod.doMethodInvoke(MetaMethod.java:325)at groovy.lang.MetaClassImpl.invokeMethod(MetaClassImpl.java:1225)at groovy.lang.MetaClassImpl.invokeMethod(MetaClassImpl.java:1034)at groovy.lang.MetaClassImpl.invokeMethod(MetaClassImpl.java:822)at io.restassured.internal.RequestSpecificationImpl.invokeMethod(RequestSpecificationImpl.groovy)at org.codehaus.groovy.runtime.callsite.PogoInterceptableSite.call(PogoInterceptableSite.java:47)at org.codehaus.groovy.runtime.callsite.PogoInterceptableSite.callCurrent(PogoInterceptableSite.java:57)at org.codehaus.groovy.runtime.callsite.CallSiteArray.defaultCallCurrent(CallSiteArray.java:51)at org.codehaus.groovy.runtime.callsite.AbstractCallSite.callCurrent(AbstractCallSite.java:157)at org.codehaus.groovy.runtime.callsite.AbstractCallSite.callCurrent(AbstractCallSite.java:185)at io.restassured.internal.RequestSpecificationImpl.applyPathParamsAndSendRequest(RequestSpecificationImpl.groovy:1755)at groovy.lang.MetaMethod.doMethodInvoke(MetaMethod.java:325)at groovy.lang.MetaClassImpl.invokeMethod(MetaClassImpl.java:1225)at groovy.lang.MetaClassImpl.invokeMethod(MetaClassImpl.java:1034)at groovy.lang.MetaClassImpl.invokeMethod(MetaClassImpl.java:822)at io.restassured.internal.RequestSpecificationImpl.invokeMethod(RequestSpecificationImpl.groovy)at org.codehaus.groovy.runtime.callsite.PogoInterceptableSite.call(PogoInterceptableSite.java:47)at org.codehaus.groovy.runtime.callsite.PogoInterceptableSite.callCurrent(PogoInterceptableSite.java:57)at org.codehaus.groovy.runtime.callsite.CallSiteArray.defaultCallCurrent(CallSiteArray.java:51)at org.codehaus.groovy.runtime.callsite.AbstractCallSite.callCurrent(AbstractCallSite.java:157)at org.codehaus.groovy.runtime.callsite.AbstractCallSite.callCurrent(AbstractCallSite.java:185)at io.restassured.internal.RequestSpecificationImpl.post(RequestSpecificationImpl.groovy:175)at io.restassured.internal.RequestSpecificationImpl.post(RequestSpecificationImpl.groovy)at com.test.chime.common.utility.RestClientHelper.post(RestClientHelper.java:32)at com.test.chime.TakeHomeTest.testLoginInvalid(TakeHomeTest.java:42)... Removed 40 stack frames]]>
    </failure>
  </testcase> <!-- testLoginInvalid -->
  <testcase name="testLoginValid" time="4.089" classname="com.test.chime.TakeHomeTest">
    <failure type="java.net.ConnectException" message="Connection refused: connect">
      <![CDATA[java.net.ConnectException: Connection refused: connectat java.net.DualStackPlainSocketImpl.connect0(Native Method)at java.net.DualStackPlainSocketImpl.socketConnect(DualStackPlainSocketImpl.java:79)at java.net.AbstractPlainSocketImpl.doConnect(AbstractPlainSocketImpl.java:350)at java.net.AbstractPlainSocketImpl.connectToAddress(AbstractPlainSocketImpl.java:206)at java.net.AbstractPlainSocketImpl.connect(AbstractPlainSocketImpl.java:188)at java.net.PlainSocketImpl.connect(PlainSocketImpl.java:172)at java.net.SocksSocketImpl.connect(SocksSocketImpl.java:392)at java.net.Socket.connect(Socket.java:589)at org.apache.http.conn.scheme.PlainSocketFactory.connectSocket(PlainSocketFactory.java:121)at org.apache.http.impl.conn.DefaultClientConnectionOperator.openConnection(DefaultClientConnectionOperator.java:180)at org.apache.http.impl.conn.ManagedClientConnectionImpl.open(ManagedClientConnectionImpl.java:326)at org.apache.http.impl.client.DefaultRequestDirector.tryConnect(DefaultRequestDirector.java:610)at org.apache.http.impl.client.DefaultRequestDirector.execute(DefaultRequestDirector.java:445)at org.apache.http.impl.client.AbstractHttpClient.doExecute(AbstractHttpClient.java:835)at org.apache.http.impl.client.CloseableHttpClient.execute(CloseableHttpClient.java:83)at org.apache.http.impl.client.CloseableHttpClient.execute(CloseableHttpClient.java:56)at org.apache.http.client.HttpClient$execute$0.call(Unknown Source)at io.restassured.internal.RequestSpecificationImpl$RestAssuredHttpBuilder.doRequest(RequestSpecificationImpl.groovy:2146)at io.restassured.internal.http.HTTPBuilder.post(HTTPBuilder.java:349)at io.restassured.internal.http.HTTPBuilder$post$2.call(Unknown Source)at io.restassured.internal.RequestSpecificationImpl.sendRequest(RequestSpecificationImpl.groovy:1274)at groovy.lang.MetaMethod.doMethodInvoke(MetaMethod.java:325)at groovy.lang.MetaClassImpl.invokeMethod(MetaClassImpl.java:1225)at groovy.lang.MetaClassImpl.invokeMethod(MetaClassImpl.java:1034)at groovy.lang.MetaClassImpl.invokeMethod(MetaClassImpl.java:822)at io.restassured.internal.RequestSpecificationImpl.invokeMethod(RequestSpecificationImpl.groovy)at org.codehaus.groovy.runtime.callsite.PogoInterceptableSite.call(PogoInterceptableSite.java:47)at org.codehaus.groovy.runtime.callsite.AbstractCallSite.call(AbstractCallSite.java:152)at io.restassured.internal.filter.SendRequestFilter.filter(SendRequestFilter.groovy:30)at io.restassured.filter.Filter$filter$0.call(Unknown Source)at org.codehaus.groovy.runtime.callsite.CallSiteArray.defaultCall(CallSiteArray.java:47)at io.restassured.filter.Filter$filter.call(Unknown Source)at io.restassured.internal.filter.FilterContextImpl.next(FilterContextImpl.groovy:72)at io.restassured.filter.time.TimingFilter.filter(TimingFilter.java:56)at io.restassured.filter.Filter$filter.call(Unknown Source)at org.codehaus.groovy.runtime.callsite.CallSiteArray.defaultCall(CallSiteArray.java:47)at io.restassured.filter.Filter$filter.call(Unknown Source)at io.restassured.internal.filter.FilterContextImpl.next(FilterContextImpl.groovy:72)at io.restassured.filter.log.RequestLoggingFilter.filter(RequestLoggingFilter.java:122)at io.restassured.filter.Filter$filter.call(Unknown Source)at org.codehaus.groovy.runtime.callsite.CallSiteArray.defaultCall(CallSiteArray.java:47)at io.restassured.filter.Filter$filter$0.call(Unknown Source)at io.restassured.internal.filter.FilterContextImpl.next(FilterContextImpl.groovy:72)at io.restassured.filter.FilterContext$next.call(Unknown Source)at io.restassured.internal.RequestSpecificationImpl.applyPathParamsAndSendRequest(RequestSpecificationImpl.groovy:1749)at groovy.lang.MetaMethod.doMethodInvoke(MetaMethod.java:325)at groovy.lang.MetaClassImpl.invokeMethod(MetaClassImpl.java:1225)at groovy.lang.MetaClassImpl.invokeMethod(MetaClassImpl.java:1034)at groovy.lang.MetaClassImpl.invokeMethod(MetaClassImpl.java:822)at io.restassured.internal.RequestSpecificationImpl.invokeMethod(RequestSpecificationImpl.groovy)at org.codehaus.groovy.runtime.callsite.PogoInterceptableSite.call(PogoInterceptableSite.java:47)at org.codehaus.groovy.runtime.callsite.PogoInterceptableSite.callCurrent(PogoInterceptableSite.java:57)at org.codehaus.groovy.runtime.callsite.AbstractCallSite.callCurrent(AbstractCallSite.java:185)at io.restassured.internal.RequestSpecificationImpl.applyPathParamsAndSendRequest(RequestSpecificationImpl.groovy:1755)at groovy.lang.MetaMethod.doMethodInvoke(MetaMethod.java:325)at groovy.lang.MetaClassImpl.invokeMethod(MetaClassImpl.java:1225)at groovy.lang.MetaClassImpl.invokeMethod(MetaClassImpl.java:1034)at groovy.lang.MetaClassImpl.invokeMethod(MetaClassImpl.java:822)at io.restassured.internal.RequestSpecificationImpl.invokeMethod(RequestSpecificationImpl.groovy)at org.codehaus.groovy.runtime.callsite.PogoInterceptableSite.call(PogoInterceptableSite.java:47)at org.codehaus.groovy.runtime.callsite.PogoInterceptableSite.callCurrent(PogoInterceptableSite.java:57)at org.codehaus.groovy.runtime.callsite.AbstractCallSite.callCurrent(AbstractCallSite.java:185)at io.restassured.internal.RequestSpecificationImpl.post(RequestSpecificationImpl.groovy:175)at io.restassured.internal.RequestSpecificationImpl.post(RequestSpecificationImpl.groovy)at com.test.chime.common.utility.RestClientHelper.post(RestClientHelper.java:32)at com.test.chime.TakeHomeTest.testLoginValid(TakeHomeTest.java:23)... Removed 40 stack frames]]>
    </failure>
  </testcase> <!-- testLoginValid -->
  <testcase name="testProductType" time="4.068" classname="com.test.chime.TakeHomeTest">
    <failure type="java.net.ConnectException" message="Connection refused: connect">
      <![CDATA[java.net.ConnectException: Connection refused: connectat java.net.DualStackPlainSocketImpl.connect0(Native Method)at java.net.DualStackPlainSocketImpl.socketConnect(DualStackPlainSocketImpl.java:79)at java.net.AbstractPlainSocketImpl.doConnect(AbstractPlainSocketImpl.java:350)at java.net.AbstractPlainSocketImpl.connectToAddress(AbstractPlainSocketImpl.java:206)at java.net.AbstractPlainSocketImpl.connect(AbstractPlainSocketImpl.java:188)at java.net.PlainSocketImpl.connect(PlainSocketImpl.java:172)at java.net.SocksSocketImpl.connect(SocksSocketImpl.java:392)at java.net.Socket.connect(Socket.java:589)at org.apache.http.conn.scheme.PlainSocketFactory.connectSocket(PlainSocketFactory.java:121)at org.apache.http.impl.conn.DefaultClientConnectionOperator.openConnection(DefaultClientConnectionOperator.java:180)at org.apache.http.impl.conn.ManagedClientConnectionImpl.open(ManagedClientConnectionImpl.java:326)at org.apache.http.impl.client.DefaultRequestDirector.tryConnect(DefaultRequestDirector.java:610)at org.apache.http.impl.client.DefaultRequestDirector.execute(DefaultRequestDirector.java:445)at org.apache.http.impl.client.AbstractHttpClient.doExecute(AbstractHttpClient.java:835)at org.apache.http.impl.client.CloseableHttpClient.execute(CloseableHttpClient.java:83)at org.apache.http.impl.client.CloseableHttpClient.execute(CloseableHttpClient.java:56)at org.apache.http.client.HttpClient$execute$0.call(Unknown Source)at io.restassured.internal.RequestSpecificationImpl$RestAssuredHttpBuilder.doRequest(RequestSpecificationImpl.groovy:2146)at io.restassured.internal.http.HTTPBuilder.post(HTTPBuilder.java:349)at io.restassured.internal.http.HTTPBuilder$post$2.call(Unknown Source)at io.restassured.internal.RequestSpecificationImpl.sendRequest(RequestSpecificationImpl.groovy:1274)at groovy.lang.MetaMethod.doMethodInvoke(MetaMethod.java:325)at groovy.lang.MetaClassImpl.invokeMethod(MetaClassImpl.java:1225)at groovy.lang.MetaClassImpl.invokeMethod(MetaClassImpl.java:1034)at groovy.lang.MetaClassImpl.invokeMethod(MetaClassImpl.java:822)at io.restassured.internal.RequestSpecificationImpl.invokeMethod(RequestSpecificationImpl.groovy)at org.codehaus.groovy.runtime.callsite.PogoInterceptableSite.call(PogoInterceptableSite.java:47)at org.codehaus.groovy.runtime.callsite.AbstractCallSite.call(AbstractCallSite.java:152)at io.restassured.internal.filter.SendRequestFilter.filter(SendRequestFilter.groovy:30)at io.restassured.filter.Filter$filter$0.call(Unknown Source)at org.codehaus.groovy.runtime.callsite.CallSiteArray.defaultCall(CallSiteArray.java:47)at io.restassured.filter.Filter$filter.call(Unknown Source)at io.restassured.internal.filter.FilterContextImpl.next(FilterContextImpl.groovy:72)at io.restassured.filter.time.TimingFilter.filter(TimingFilter.java:56)at io.restassured.filter.Filter$filter.call(Unknown Source)at org.codehaus.groovy.runtime.callsite.CallSiteArray.defaultCall(CallSiteArray.java:47)at io.restassured.filter.Filter$filter.call(Unknown Source)at io.restassured.internal.filter.FilterContextImpl.next(FilterContextImpl.groovy:72)at io.restassured.filter.log.RequestLoggingFilter.filter(RequestLoggingFilter.java:122)at io.restassured.filter.Filter$filter.call(Unknown Source)at org.codehaus.groovy.runtime.callsite.CallSiteArray.defaultCall(CallSiteArray.java:47)at io.restassured.filter.Filter$filter$0.call(Unknown Source)at io.restassured.internal.filter.FilterContextImpl.next(FilterContextImpl.groovy:72)at io.restassured.filter.FilterContext$next.call(Unknown Source)at io.restassured.internal.RequestSpecificationImpl.applyPathParamsAndSendRequest(RequestSpecificationImpl.groovy:1749)at groovy.lang.MetaMethod.doMethodInvoke(MetaMethod.java:325)at groovy.lang.MetaClassImpl.invokeMethod(MetaClassImpl.java:1225)at groovy.lang.MetaClassImpl.invokeMethod(MetaClassImpl.java:1034)at groovy.lang.MetaClassImpl.invokeMethod(MetaClassImpl.java:822)at io.restassured.internal.RequestSpecificationImpl.invokeMethod(RequestSpecificationImpl.groovy)at org.codehaus.groovy.runtime.callsite.PogoInterceptableSite.call(PogoInterceptableSite.java:47)at org.codehaus.groovy.runtime.callsite.PogoInterceptableSite.callCurrent(PogoInterceptableSite.java:57)at org.codehaus.groovy.runtime.callsite.AbstractCallSite.callCurrent(AbstractCallSite.java:185)at io.restassured.internal.RequestSpecificationImpl.applyPathParamsAndSendRequest(RequestSpecificationImpl.groovy:1755)at groovy.lang.MetaMethod.doMethodInvoke(MetaMethod.java:325)at groovy.lang.MetaClassImpl.invokeMethod(MetaClassImpl.java:1225)at groovy.lang.MetaClassImpl.invokeMethod(MetaClassImpl.java:1034)at groovy.lang.MetaClassImpl.invokeMethod(MetaClassImpl.java:822)at io.restassured.internal.RequestSpecificationImpl.invokeMethod(RequestSpecificationImpl.groovy)at org.codehaus.groovy.runtime.callsite.PogoInterceptableSite.call(PogoInterceptableSite.java:47)at org.codehaus.groovy.runtime.callsite.PogoInterceptableSite.callCurrent(PogoInterceptableSite.java:57)at org.codehaus.groovy.runtime.callsite.AbstractCallSite.callCurrent(AbstractCallSite.java:185)at io.restassured.internal.RequestSpecificationImpl.post(RequestSpecificationImpl.groovy:175)at io.restassured.internal.RequestSpecificationImpl.post(RequestSpecificationImpl.groovy)at com.test.chime.common.utility.RestClientHelper.post(RestClientHelper.java:32)at com.test.chime.TakeHomeTest.testProductType(TakeHomeTest.java:32)... Removed 40 stack frames]]>
    </failure>
  </testcase> <!-- testProductType -->
</testsuite> <!-- Regression Test -->
