<?xml version="1.0" encoding="UTF-8"?>
<testng-results skipped="0" failed="0" ignored="3" total="4" passed="1">
  <reporter-output>
  </reporter-output>
  <suite name="Default suite" duration-ms="2778" started-at="2020-09-28T06:51:18Z" finished-at="2020-09-28T06:51:21Z">
    <groups>
      <group name="regression">
        <method signature="TakeHomeTest.testLoginInvalidPwd()[pri:0, instance:com.test.upgrade.TakeHomeTest@4678c730]" name="testLoginInvalidPwd" class="com.test.upgrade.TakeHomeTest"/>
      </group> <!-- regression -->
    </groups>
    <test name="Default test" duration-ms="2778" started-at="2020-09-28T06:51:18Z" finished-at="2020-09-28T06:51:21Z">
      <class name="com.test.upgrade.TakeHomeTest">
        <test-method status="PASS" signature="setup()[pri:0, instance:com.test.upgrade.TakeHomeTest@4678c730]" name="setup" is-config="true" duration-ms="292" started-at="2020-09-27T23:51:18Z" finished-at="2020-09-27T23:51:19Z">
          <reporter-output>
          </reporter-output>
        </test-method> <!-- setup -->
        <test-method status="PASS" signature="testLoginInvalidPwd()[pri:0, instance:com.test.upgrade.TakeHomeTest@4678c730]" name="testLoginInvalidPwd" duration-ms="2471" started-at="2020-09-27T23:51:19Z" finished-at="2020-09-27T23:51:21Z">
          <reporter-output>
          </reporter-output>
        </test-method> <!-- testLoginInvalidPwd -->
        <test-method status="PASS" signature="tearDown()[pri:0, instance:com.test.upgrade.TakeHomeTest@4678c730]" name="tearDown" is-config="true" duration-ms="1" started-at="2020-09-27T23:51:21Z" finished-at="2020-09-27T23:51:21Z">
          <reporter-output>
          </reporter-output>
        </test-method> <!-- tearDown -->
      </class> <!-- com.test.upgrade.TakeHomeTest -->
    </test> <!-- Default test -->
  </suite> <!-- Default suite -->
</testng-results>
