<?xml version="1.0" encoding="UTF-8"?>
<!-- Generated by org.testng.reporters.JUnitXMLReporter -->
<testsuite hostname="DESKTOP-UFM8Q5F" ignored="0" name="Regression Test" tests="1" failures="1" timestamp="30 Sep 2020 08:38:40 GMT" time="0.028" errors="0">
  <testcase name="testTakeHomeChallenge" time="0.008" classname="com.test.upgrade.tests.ApplicationTest">
    <failure type="java.lang.NullPointerException">
      <![CDATA[java.lang.NullPointerExceptionat com.test.upgrade.tests.ApplicationTest.testTakeHomeChallenge(ApplicationTest.java:41)... Removed 25 stack frames]]>
    </failure>
  </testcase> <!-- testTakeHomeChallenge -->
</testsuite> <!-- Regression Test -->
