<?xml version="1.0" encoding="UTF-8"?>
<!-- Generated by org.testng.reporters.JUnitXMLReporter -->
<testsuite hostname="m-c02xf1ncjgh7" ignored="1" name="Default test(failed)" tests="1" failures="0" timestamp="2020-06-21T12:22:51 PDT" time="1.24" errors="0">
  <testcase name="testOne" time="1.006" classname="com.test.chime.TakeHomeTest"/>
  <testcase name="testTwo" time="0.0" classname="com.test.chime.TakeHomeTest">
    <ignored/>
  </testcase> <!-- testTwo -->
</testsuite> <!-- Default test(failed) -->
