<?xml version="1.0" encoding="UTF-8"?>
<testng-results skipped="0" failed="0" ignored="0" total="1" passed="1">
  <reporter-output>
  </reporter-output>
  <suite name="Default suite" duration-ms="19880" started-at="2020-09-30T08:42:59Z" finished-at="2020-09-30T08:43:19Z">
    <groups>
      <group name="regression">
        <method signature="ApplicationTest.testTakeHomeChallenge()[pri:0, instance:com.test.upgrade.tests.ApplicationTest@457e2f02]" name="testTakeHomeChallenge" class="com.test.upgrade.tests.ApplicationTest"/>
      </group> <!-- regression -->
    </groups>
    <test name="Default test" duration-ms="19880" started-at="2020-09-30T08:42:59Z" finished-at="2020-09-30T08:43:19Z">
      <class name="com.test.upgrade.tests.ApplicationTest">
        <test-method status="PASS" signature="init()[pri:0, instance:com.test.upgrade.tests.ApplicationTest@457e2f02]" name="init" is-config="true" duration-ms="4277" started-at="2020-09-30T01:42:59Z" finished-at="2020-09-30T01:43:04Z">
          <reporter-output>
          </reporter-output>
        </test-method> <!-- init -->
        <test-method status="PASS" signature="testTakeHomeChallenge()[pri:0, instance:com.test.upgrade.tests.ApplicationTest@457e2f02]" name="testTakeHomeChallenge" duration-ms="14871" started-at="2020-09-30T01:43:04Z" finished-at="2020-09-30T01:43:19Z">
          <reporter-output>
          </reporter-output>
        </test-method> <!-- testTakeHomeChallenge -->
        <test-method status="PASS" signature="cleanUp()[pri:0, instance:com.test.upgrade.tests.ApplicationTest@457e2f02]" name="cleanUp" is-config="true" duration-ms="711" started-at="2020-09-30T01:43:19Z" finished-at="2020-09-30T01:43:19Z">
          <reporter-output>
          </reporter-output>
        </test-method> <!-- cleanUp -->
      </class> <!-- com.test.upgrade.tests.ApplicationTest -->
    </test> <!-- Default test -->
  </suite> <!-- Default suite -->
</testng-results>
