<?xml version="1.0" encoding="UTF-8"?>
<!-- Generated by org.testng.reporters.JUnitXMLReporter -->
<testsuite hostname="DESKTOP-UFM8Q5F" ignored="3" name="Default test" tests="1" failures="0" timestamp="28 Sep 2020 07:09:41 GMT" time="3.101" errors="0">
  <testcase name="testLoginValid" time="2.766" classname="com.test.upgrade.TakeHomeTest"/>
  <testcase name="testLoginInvalidPwd" time="0.0" classname="com.test.upgrade.TakeHomeTest">
    <ignored/>
  </testcase> <!-- testLoginInvalidPwd -->
  <testcase name="testProductType" time="0.0" classname="com.test.upgrade.TakeHomeTest">
    <ignored/>
  </testcase> <!-- testProductType -->
  <testcase name="testLoginInvalidUn" time="0.0" classname="com.test.upgrade.TakeHomeTest">
    <ignored/>
  </testcase> <!-- testLoginInvalidUn -->
</testsuite> <!-- Default test -->
