<?xml version="1.0" encoding="UTF-8"?>
<testng-results skipped="0" failed="0" ignored="3" total="4" passed="1">
  <reporter-output>
  </reporter-output>
  <suite name="Default suite" duration-ms="3101" started-at="2020-09-28T07:09:38Z" finished-at="2020-09-28T07:09:41Z">
    <groups>
      <group name="regression">
        <method signature="TakeHomeTest.testLoginValid()[pri:0, instance:com.test.upgrade.TakeHomeTest@4678c730]" name="testLoginValid" class="com.test.upgrade.TakeHomeTest"/>
      </group> <!-- regression -->
    </groups>
    <test name="Default test" duration-ms="3101" started-at="2020-09-28T07:09:38Z" finished-at="2020-09-28T07:09:41Z">
      <class name="com.test.upgrade.TakeHomeTest">
        <test-method status="PASS" signature="setup()[pri:0, instance:com.test.upgrade.TakeHomeTest@4678c730]" name="setup" is-config="true" duration-ms="316" started-at="2020-09-28T00:09:38Z" finished-at="2020-09-28T00:09:38Z">
          <reporter-output>
          </reporter-output>
        </test-method> <!-- setup -->
        <test-method status="PASS" signature="testLoginValid()[pri:0, instance:com.test.upgrade.TakeHomeTest@4678c730]" name="testLoginValid" duration-ms="2766" started-at="2020-09-28T00:09:38Z" finished-at="2020-09-28T00:09:41Z">
          <reporter-output>
          </reporter-output>
        </test-method> <!-- testLoginValid -->
        <test-method status="PASS" signature="tearDown()[pri:0, instance:com.test.upgrade.TakeHomeTest@4678c730]" name="tearDown" is-config="true" duration-ms="3" started-at="2020-09-28T00:09:41Z" finished-at="2020-09-28T00:09:41Z">
          <reporter-output>
          </reporter-output>
        </test-method> <!-- tearDown -->
      </class> <!-- com.test.upgrade.TakeHomeTest -->
    </test> <!-- Default test -->
  </suite> <!-- Default suite -->
</testng-results>
